2026-01-21 15:44:27,089 - INFO - RTC크롤러 로그 정상작동
2026-01-21 15:44:27,091 - DEBUG - POST http://localhost:5715/session/e01a1f70f7d1c7cca20735568eed2f7b/url {'url': 'https://www.rottentomatoes.com/m/marvels_the_avengers/reviews?type=user'}
2026-01-21 15:44:33,176 - DEBUG - http://localhost:5715 "POST /session/e01a1f70f7d1c7cca20735568eed2f7b/url HTTP/1.1" 200 0
2026-01-21 15:44:33,177 - DEBUG - Remote response: status=200 | data={"value":null} | headers=HTTPHeaderDict({'Content-Length': '14', 'Content-Type': 'application/json; charset=utf-8', 'cache-control': 'no-cache'})
2026-01-21 15:44:33,177 - DEBUG - Finished Request
2026-01-21 15:44:33,177 - DEBUG - POST http://localhost:5715/session/e01a1f70f7d1c7cca20735568eed2f7b/timeouts {'implicit': 2000}
2026-01-21 15:44:33,178 - DEBUG - http://localhost:5715 "POST /session/e01a1f70f7d1c7cca20735568eed2f7b/timeouts HTTP/1.1" 200 0
2026-01-21 15:44:33,178 - DEBUG - Remote response: status=200 | data={"value":null} | headers=HTTPHeaderDict({'Content-Length': '14', 'Content-Type': 'application/json; charset=utf-8', 'cache-control': 'no-cache'})
2026-01-21 15:44:33,178 - DEBUG - Finished Request
2026-01-21 15:44:33,178 - DEBUG - POST http://localhost:5715/session/e01a1f70f7d1c7cca20735568eed2f7b/window/maximize {}
2026-01-21 15:44:33,180 - DEBUG - http://localhost:5715 "POST /session/e01a1f70f7d1c7cca20735568eed2f7b/window/maximize HTTP/1.1" 200 0
2026-01-21 15:44:33,180 - DEBUG - Remote response: status=200 | data={"value":{"height":1048,"width":1936,"x":-8,"y":-8}} | headers=HTTPHeaderDict({'Content-Length': '52', 'Content-Type': 'application/json; charset=utf-8', 'cache-control': 'no-cache'})
2026-01-21 15:44:33,180 - DEBUG - Finished Request
2026-01-21 15:44:33,180 - DEBUG - POST http://localhost:5715/session/e01a1f70f7d1c7cca20735568eed2f7b/element {'using': 'css selector', 'value': "rt-button[data-qa='load-more-btn']"}
2026-01-21 15:44:35,210 - DEBUG - http://localhost:5715 "POST /session/e01a1f70f7d1c7cca20735568eed2f7b/element HTTP/1.1" 404 0
2026-01-21 15:44:35,210 - DEBUG - Remote response: status=404 | data={"value":{"error":"no such element","message":"no such element: Unable to locate element: {\"method\":\"css selector\",\"selector\":\"rt-button[data-qa='load-more-btn']\"}\n  (Session info: chrome=143.0.7499.193)","stacktrace":"Symbols not available. Dumping unresolved backtrace:\n\t0x7ff755fc88d5\n\t0x7ff755fc8930\n\t0x7ff755da165d\n\t0x7ff755df9a33\n\t0x7ff755df9d3c\n\t0x7ff755e4df67\n\t0x7ff755e4ac97\n\t0x7ff755deac29\n\t0x7ff755deba93\n\t0x7ff7562e0620\n\t0x7ff7562daf60\n\t0x7ff7562f96c6\n\t0x7ff755fe5dd4\n\t0x7ff755feed7c\n\t0x7ff755fd1ff4\n\t0x7ff755fd21a5\n\t0x7ff755fb7ed2\n\t0x7ff932cfe8d7\n\t0x7ff933e6c53c\n"}} | headers=HTTPHeaderDict({'Content-Length': '627', 'Content-Type': 'application/json; charset=utf-8', 'cache-control': 'no-cache'})
2026-01-21 15:44:35,210 - DEBUG - Finished Request
2026-01-21 15:44:35,711 - DEBUG - POST http://localhost:5715/session/e01a1f70f7d1c7cca20735568eed2f7b/element {'using': 'css selector', 'value': "rt-button[data-qa='load-more-btn']"}
2026-01-21 15:44:37,742 - DEBUG - http://localhost:5715 "POST /session/e01a1f70f7d1c7cca20735568eed2f7b/element HTTP/1.1" 404 0
2026-01-21 15:44:37,742 - DEBUG - Remote response: status=404 | data={"value":{"error":"no such element","message":"no such element: Unable to locate element: {\"method\":\"css selector\",\"selector\":\"rt-button[data-qa='load-more-btn']\"}\n  (Session info: chrome=143.0.7499.193)","stacktrace":"Symbols not available. Dumping unresolved backtrace:\n\t0x7ff755fc88d5\n\t0x7ff755fc8930\n\t0x7ff755da165d\n\t0x7ff755df9a33\n\t0x7ff755df9d3c\n\t0x7ff755e4df67\n\t0x7ff755e4ac97\n\t0x7ff755deac29\n\t0x7ff755deba93\n\t0x7ff7562e0620\n\t0x7ff7562daf60\n\t0x7ff7562f96c6\n\t0x7ff755fe5dd4\n\t0x7ff755feed7c\n\t0x7ff755fd1ff4\n\t0x7ff755fd21a5\n\t0x7ff755fb7ed2\n\t0x7ff932cfe8d7\n\t0x7ff933e6c53c\n"}} | headers=HTTPHeaderDict({'Content-Length': '627', 'Content-Type': 'application/json; charset=utf-8', 'cache-control': 'no-cache'})
2026-01-21 15:44:37,742 - DEBUG - Finished Request
2026-01-21 15:44:38,243 - DEBUG - POST http://localhost:5715/session/e01a1f70f7d1c7cca20735568eed2f7b/element {'using': 'css selector', 'value': "rt-button[data-qa='load-more-btn']"}
2026-01-21 15:44:40,276 - DEBUG - http://localhost:5715 "POST /session/e01a1f70f7d1c7cca20735568eed2f7b/element HTTP/1.1" 404 0
2026-01-21 15:44:40,276 - DEBUG - Remote response: status=404 | data={"value":{"error":"no such element","message":"no such element: Unable to locate element: {\"method\":\"css selector\",\"selector\":\"rt-button[data-qa='load-more-btn']\"}\n  (Session info: chrome=143.0.7499.193)","stacktrace":"Symbols not available. Dumping unresolved backtrace:\n\t0x7ff755fc88d5\n\t0x7ff755fc8930\n\t0x7ff755da165d\n\t0x7ff755df9a33\n\t0x7ff755df9d3c\n\t0x7ff755e4df67\n\t0x7ff755e4ac97\n\t0x7ff755deac29\n\t0x7ff755deba93\n\t0x7ff7562e0620\n\t0x7ff7562daf60\n\t0x7ff7562f96c6\n\t0x7ff755fe5dd4\n\t0x7ff755feed7c\n\t0x7ff755fd1ff4\n\t0x7ff755fd21a5\n\t0x7ff755fb7ed2\n\t0x7ff932cfe8d7\n\t0x7ff933e6c53c\n"}} | headers=HTTPHeaderDict({'Content-Length': '627', 'Content-Type': 'application/json; charset=utf-8', 'cache-control': 'no-cache'})
2026-01-21 15:44:40,276 - DEBUG - Finished Request
2026-01-21 15:44:40,777 - DEBUG - POST http://localhost:5715/session/e01a1f70f7d1c7cca20735568eed2f7b/element {'using': 'css selector', 'value': "rt-button[data-qa='load-more-btn']"}
2026-01-21 15:44:42,826 - DEBUG - http://localhost:5715 "POST /session/e01a1f70f7d1c7cca20735568eed2f7b/element HTTP/1.1" 404 0
2026-01-21 15:44:42,826 - DEBUG - Remote response: status=404 | data={"value":{"error":"no such element","message":"no such element: Unable to locate element: {\"method\":\"css selector\",\"selector\":\"rt-button[data-qa='load-more-btn']\"}\n  (Session info: chrome=143.0.7499.193)","stacktrace":"Symbols not available. Dumping unresolved backtrace:\n\t0x7ff755fc88d5\n\t0x7ff755fc8930\n\t0x7ff755da165d\n\t0x7ff755df9a33\n\t0x7ff755df9d3c\n\t0x7ff755e4df67\n\t0x7ff755e4ac97\n\t0x7ff755deac29\n\t0x7ff755deba93\n\t0x7ff7562e0620\n\t0x7ff7562daf60\n\t0x7ff7562f96c6\n\t0x7ff755fe5dd4\n\t0x7ff755feed7c\n\t0x7ff755fd1ff4\n\t0x7ff755fd21a5\n\t0x7ff755fb7ed2\n\t0x7ff932cfe8d7\n\t0x7ff933e6c53c\n"}} | headers=HTTPHeaderDict({'Content-Length': '627', 'Content-Type': 'application/json; charset=utf-8', 'cache-control': 'no-cache'})
2026-01-21 15:44:42,826 - DEBUG - Finished Request
2026-01-21 15:44:43,328 - DEBUG - POST http://localhost:5715/session/e01a1f70f7d1c7cca20735568eed2f7b/element {'using': 'css selector', 'value': "rt-button[data-qa='load-more-btn']"}
2026-01-21 15:44:45,333 - DEBUG - http://localhost:5715 "POST /session/e01a1f70f7d1c7cca20735568eed2f7b/element HTTP/1.1" 404 0
2026-01-21 15:44:45,333 - DEBUG - Remote response: status=404 | data={"value":{"error":"no such element","message":"no such element: Unable to locate element: {\"method\":\"css selector\",\"selector\":\"rt-button[data-qa='load-more-btn']\"}\n  (Session info: chrome=143.0.7499.193)","stacktrace":"Symbols not available. Dumping unresolved backtrace:\n\t0x7ff755fc88d5\n\t0x7ff755fc8930\n\t0x7ff755da165d\n\t0x7ff755df9a33\n\t0x7ff755df9d3c\n\t0x7ff755e4df67\n\t0x7ff755e4ac97\n\t0x7ff755deac29\n\t0x7ff755deba93\n\t0x7ff7562e0620\n\t0x7ff7562daf60\n\t0x7ff7562f96c6\n\t0x7ff755fe5dd4\n\t0x7ff755feed7c\n\t0x7ff755fd1ff4\n\t0x7ff755fd21a5\n\t0x7ff755fb7ed2\n\t0x7ff932cfe8d7\n\t0x7ff933e6c53c\n"}} | headers=HTTPHeaderDict({'Content-Length': '627', 'Content-Type': 'application/json; charset=utf-8', 'cache-control': 'no-cache'})
2026-01-21 15:44:45,333 - DEBUG - Finished Request
2026-01-21 15:44:45,334 - DEBUG - GET http://localhost:5715/session/e01a1f70f7d1c7cca20735568eed2f7b/source {}
2026-01-21 15:44:45,353 - DEBUG - http://localhost:5715 "GET /session/e01a1f70f7d1c7cca20735568eed2f7b/source HTTP/1.1" 200 0
2026-01-21 15:44:45,406 - DEBUG - Finished Request
